android/build/intermediates/manifest_merge_blame_file/release/processReleaseManifest/manifest-merger-blame-release-report.txt
1<?xml version="1.0" encoding="utf-8"?>
2<manifest xmlns:android="http://schemas.android.com/apk/res/android"
3    package="com.rn_notifyvisitors" >
4
5    <uses-sdk android:minSdkVersion="24" />
6
7    <uses-permission android:name="android.permission.INTERNET" />
7-->src/main/AndroidManifest.xml:4:5-67
7-->src/main/AndroidManifest.xml:4:22-64
8    <uses-permission android:name="android.permission.WAKE_LOCK" />
8-->src/main/AndroidManifest.xml:5:5-68
8-->src/main/AndroidManifest.xml:5:22-65
9    <uses-permission android:name="android.permission.SYSTEM_ALERT_WINDOW" />
9-->src/main/AndroidManifest.xml:6:5-78
9-->src/main/AndroidManifest.xml:6:22-75
10    <uses-permission android:name="android.permission.ACCESS_NETWORK_STATE" />
10-->src/main/AndroidManifest.xml:7:5-79
10-->src/main/AndroidManifest.xml:7:22-76
11    <uses-permission android:name="android.permission.ACCESS_WIFI_STATE" />
11-->src/main/AndroidManifest.xml:8:5-76
11-->src/main/AndroidManifest.xml:8:22-73
12    <uses-permission android:name="android.permission.ACCESS_FINE_LOCATION" />
12-->src/main/AndroidManifest.xml:9:5-79
12-->src/main/AndroidManifest.xml:9:22-76
13    <uses-permission android:name="android.permission.CHANGE_NETWORK_STATE" />
13-->src/main/AndroidManifest.xml:10:5-79
13-->src/main/AndroidManifest.xml:10:22-76
14    <uses-permission android:name="android.permission.CHANGE_WIFI_STATE" />
14-->src/main/AndroidManifest.xml:11:5-76
14-->src/main/AndroidManifest.xml:11:22-73
15    <uses-permission android:name="android.permission.POST_NOTIFICATIONS" />
15-->src/main/AndroidManifest.xml:12:5-76
15-->src/main/AndroidManifest.xml:12:22-74
16    <uses-permission android:name="android.permission.FOREGROUND_SERVICE" />
16-->src/main/AndroidManifest.xml:13:5-76
16-->src/main/AndroidManifest.xml:13:22-74
17
18    <application>
18-->src/main/AndroidManifest.xml:15:5-24:19
19        <service
19-->src/main/AndroidManifest.xml:16:9-22:19
20            android:name="com.notifyvisitors.notifyvisitors.NVFirebaseMessagingService"
20-->src/main/AndroidManifest.xml:17:13-88
21            android:exported="false" >
21-->src/main/AndroidManifest.xml:18:13-37
22            <intent-filter>
22-->src/main/AndroidManifest.xml:19:13-21:29
23                <action android:name="com.google.firebase.MESSAGING_EVENT" />
23-->src/main/AndroidManifest.xml:20:17-78
23-->src/main/AndroidManifest.xml:20:25-75
24            </intent-filter>
25        </service>
26
27        <meta-data
27-->src/main/AndroidManifest.xml:23:9-118
28            android:name="notifyvisitors_analytics_automatic_screen_tracking_enabled"
28-->src/main/AndroidManifest.xml:23:20-93
29            android:value="false" />
29-->src/main/AndroidManifest.xml:23:94-115
30    </application>
31
32</manifest>